<?xml version="1.0" encoding="UTF-8"?>
<testng-results skipped="0" failed="0" total="2" passed="2">
  <reporter-output>
  </reporter-output>
  <suite name="Suite" duration-ms="138282" started-at="2019-09-27T11:01:18Z" finished-at="2019-09-27T11:03:36Z">
    <groups>
      <group name="cucumber">
        <method signature="loginTestRunner.Login(cucumber.api.testng.CucumberFeatureWrapper)[pri:0, instance:testRunner.loginTestRunner@954b04f]" name="Login" class="testRunner.loginTestRunner"/>
        <method signature="searchFlightTestRunner.SearchFlight(cucumber.api.testng.CucumberFeatureWrapper)[pri:0, instance:testRunner.searchFlightTestRunner@4d1b0d2a]" name="SearchFlight" class="testRunner.searchFlightTestRunner"/>
      </group> <!-- cucumber -->
    </groups>
    <test name="Web Testing" duration-ms="138282" started-at="2019-09-27T11:01:18Z" finished-at="2019-09-27T11:03:36Z">
      <class name="testRunner.searchFlightTestRunner">
        <test-method status="PASS" signature="setUpClass()[pri:0, instance:testRunner.searchFlightTestRunner@4d1b0d2a]" name="setUpClass" is-config="true" duration-ms="302" started-at="2019-09-27T16:31:18Z" finished-at="2019-09-27T16:31:18Z">
          <reporter-output>
          </reporter-output>
        </test-method> <!-- setUpClass -->
        <test-method status="PASS" signature="beforeMethod(java.lang.String, java.lang.reflect.Method)[pri:0, instance:testRunner.searchFlightTestRunner@4d1b0d2a]" name="beforeMethod" is-config="true" duration-ms="3" started-at="2019-09-27T16:31:18Z" finished-at="2019-09-27T16:31:18Z">
          <params>
            <param index="0">
              <value>
                <![CDATA[chrome]]>
              </value>
            </param>
            <param index="1">
              <value>
                <![CDATA[public void testRunner.searchFlightTestRunner.SearchFlight(cucumber.api.testng.CucumberFeatureWrapper)]]>
              </value>
            </param>
          </params>
          <reporter-output>
          </reporter-output>
        </test-method> <!-- beforeMethod -->
        <test-method status="PASS" signature="SearchFlight(cucumber.api.testng.CucumberFeatureWrapper)[pri:0, instance:testRunner.searchFlightTestRunner@4d1b0d2a]" name="SearchFlight" duration-ms="137886" started-at="2019-09-27T16:31:18Z" description="SearchFlight" data-provider="features" finished-at="2019-09-27T16:33:36Z">
          <params>
            <param index="0">
              <value>
                <![CDATA[Login to Mercury demo tours site and search for a flight]]>
              </value>
            </param>
          </params>
          <reporter-output>
          </reporter-output>
        </test-method> <!-- SearchFlight -->
        <test-method status="PASS" signature="tearDown()[pri:0, instance:testRunner.searchFlightTestRunner@4d1b0d2a]" name="tearDown" is-config="true" duration-ms="0" started-at="2019-09-27T16:33:36Z" finished-at="2019-09-27T16:33:36Z">
          <reporter-output>
          </reporter-output>
        </test-method> <!-- tearDown -->
        <test-method status="PASS" signature="tearDownClass()[pri:0, instance:testRunner.searchFlightTestRunner@4d1b0d2a]" name="tearDownClass" is-config="true" duration-ms="9" started-at="2019-09-27T16:33:36Z" finished-at="2019-09-27T16:33:36Z">
          <reporter-output>
          </reporter-output>
        </test-method> <!-- tearDownClass -->
        <test-method status="PASS" signature="PrepareReport()[pri:0, instance:testRunner.searchFlightTestRunner@4d1b0d2a]" name="PrepareReport" is-config="true" duration-ms="0" started-at="2019-09-27T16:33:36Z" finished-at="2019-09-27T16:33:36Z">
          <reporter-output>
          </reporter-output>
        </test-method> <!-- PrepareReport -->
      </class> <!-- testRunner.searchFlightTestRunner -->
      <class name="testRunner.loginTestRunner">
        <test-method status="PASS" signature="initialize()[pri:0, instance:testRunner.loginTestRunner@954b04f]" name="initialize" is-config="true" duration-ms="12" started-at="2019-09-27T16:31:18Z" finished-at="2019-09-27T16:31:18Z">
          <reporter-output>
          </reporter-output>
        </test-method> <!-- initialize -->
        <test-method status="PASS" signature="initialize()[pri:0, instance:testRunner.searchFlightTestRunner@4d1b0d2a]" name="initialize" is-config="true" duration-ms="0" started-at="2019-09-27T16:31:18Z" finished-at="2019-09-27T16:31:18Z">
          <reporter-output>
          </reporter-output>
        </test-method> <!-- initialize -->
        <test-method status="PASS" signature="setUpClass()[pri:0, instance:testRunner.loginTestRunner@954b04f]" name="setUpClass" is-config="true" duration-ms="291" started-at="2019-09-27T16:31:18Z" finished-at="2019-09-27T16:31:18Z">
          <reporter-output>
          </reporter-output>
        </test-method> <!-- setUpClass -->
        <test-method status="PASS" signature="beforeMethod(java.lang.String, java.lang.reflect.Method)[pri:0, instance:testRunner.loginTestRunner@954b04f]" name="beforeMethod" is-config="true" duration-ms="3" started-at="2019-09-27T16:31:18Z" finished-at="2019-09-27T16:31:18Z">
          <params>
            <param index="0">
              <value>
                <![CDATA[chrome]]>
              </value>
            </param>
            <param index="1">
              <value>
                <![CDATA[public void testRunner.loginTestRunner.Login(cucumber.api.testng.CucumberFeatureWrapper)]]>
              </value>
            </param>
          </params>
          <reporter-output>
          </reporter-output>
        </test-method> <!-- beforeMethod -->
        <test-method status="PASS" signature="Login(cucumber.api.testng.CucumberFeatureWrapper)[pri:0, instance:testRunner.loginTestRunner@954b04f]" name="Login" duration-ms="137838" started-at="2019-09-27T16:31:18Z" description="Login" data-provider="features" finished-at="2019-09-27T16:33:36Z">
          <params>
            <param index="0">
              <value>
                <![CDATA[Login to Mercury demo tours site]]>
              </value>
            </param>
          </params>
          <reporter-output>
          </reporter-output>
        </test-method> <!-- Login -->
        <test-method status="PASS" signature="tearDown()[pri:0, instance:testRunner.loginTestRunner@954b04f]" name="tearDown" is-config="true" duration-ms="0" started-at="2019-09-27T16:33:36Z" finished-at="2019-09-27T16:33:36Z">
          <reporter-output>
          </reporter-output>
        </test-method> <!-- tearDown -->
        <test-method status="PASS" signature="tearDownClass()[pri:0, instance:testRunner.loginTestRunner@954b04f]" name="tearDownClass" is-config="true" duration-ms="13" started-at="2019-09-27T16:33:36Z" finished-at="2019-09-27T16:33:36Z">
          <reporter-output>
          </reporter-output>
        </test-method> <!-- tearDownClass -->
      </class> <!-- testRunner.loginTestRunner -->
    </test> <!-- Web Testing -->
  </suite> <!-- Suite -->
</testng-results>
